# JRE version: OpenJDK Runtime Environment Temurin-21.0.10+7 (21.0.10+7) (build 21.0.10+7-LTS)
# Java VM: OpenJDK 64-Bit Server VM Temurin-21.0.10+7 (21.0.10+7-LTS, mixed mode, sharing, tiered, compressed oops, compressed class ptrs, parallel gc, windows-amd64)
GC Precious Log:
 CardTable entry size: 512
 CPUs: 16 total, 16 available
 Memory: 15773M
 Large Page Support: Disabled
 NUMA Support: Disabled
 Compressed Oops: Enabled (32-bit)
 Alignments: Space 512K, Generation 512K, Heap 2M
 Heap Min Capacity: 100M
 Heap Initial Capacity: 100M
 Heap Max Capacity: 2G
 Pre-touch: Disabled
 Parallel Workers: 13
Heap:
 PSYoungGen      total 5120K, used 1312K [0x00000000d5580000, 0x00000000d5b80000, 0x0000000100000000)
  eden space 4096K, 10% used [0x00000000d5580000,0x00000000d55e9ca8,0x00000000d5980000)
  from space 1024K, 86% used [0x00000000d5a80000,0x00000000d5b5e6f8,0x00000000d5b80000)
  to   space 1024K, 0% used [0x00000000d5980000,0x00000000d5980000,0x00000000d5a80000)
 ParOldGen       total 506368K, used 505932K [0x0000000080000000, 0x000000009ee80000, 0x00000000d5580000)
  object space 506368K, 99% used [0x0000000080000000,0x000000009ee131b8,0x000000009ee80000)
 Metaspace       used 71313K, committed 72832K, reserved 1114112K
  class space    used 7665K, committed 8320K, reserved 1048576K
GC Heap History (20 events):
Event: 57.343 GC heap before
{Heap before GC invocations=518 (full 3):
 PSYoungGen      total 4608K, used 4410K [0x00000000d5580000, 0x00000000d5b00000, 0x0000000100000000)
  eden space 3584K, 100% used [0x00000000d5580000,0x00000000d5900000,0x00000000d5900000)
  from space 1024K, 80% used [0x00000000d5a00000,0x00000000d5ace9a8,0x00000000d5b00000)
  to   space 1024K, 0% used [0x00000000d5900000,0x00000000d5900000,0x00000000d5a00000)
 ParOldGen       total 496640K, used 496501K [0x0000000080000000, 0x000000009e500000, 0x00000000d5580000)
  object space 496640K, 99% used [0x0000000080000000,0x000000009e4dd640,0x000000009e500000)
 Metaspace       used 71313K, committed 72832K, reserved 1114112K
  class space    used 7665K, committed 8320K, reserved 1048576K
}
Event: 57.344 GC heap after
{Heap after GC invocations=518 (full 3):
 PSYoungGen      total 4608K, used 576K [0x00000000d5580000, 0x00000000d5b00000, 0x0000000100000000)
  eden space 3584K, 0% used [0x00000000d5580000,0x00000000d5580000,0x00000000d5900000)
  from space 1024K, 56% used [0x00000000d5900000,0x00000000d5990000,0x00000000d5a00000)
  to   space 1024K, 0% used [0x00000000d5a00000,0x00000000d5a00000,0x00000000d5b00000)
 ParOldGen       total 497152K, used 497079K [0x0000000080000000, 0x000000009e580000, 0x00000000d5580000)
  object space 497152K, 99% used [0x0000000080000000,0x000000009e56de58,0x000000009e580000)
 Metaspace       used 71313K, committed 72832K, reserved 1114112K
  class space    used 7665K, committed 8320K, reserved 1048576K
}
Event: 57.351 GC heap before
{Heap before GC invocations=519 (full 3):
 PSYoungGen      total 4608K, used 4160K [0x00000000d5580000, 0x00000000d5b00000, 0x0000000100000000)
  eden space 3584K, 100% used [0x00000000d5580000,0x00000000d5900000,0x00000000d5900000)
  from space 1024K, 56% used [0x00000000d5900000,0x00000000d5990000,0x00000000d5a00000)
  to   space 1024K, 0% used [0x00000000d5a00000,0x00000000d5a00000,0x00000000d5b00000)
 ParOldGen       total 497152K, used 497079K [0x0000000080000000, 0x000000009e580000, 0x00000000d5580000)
  object space 497152K, 99% used [0x0000000080000000,0x000000009e56de58,0x000000009e580000)
 Metaspace       used 71313K, committed 72832K, reserved 1114112K
  class space    used 7665K, committed 8320K, reserved 1048576K
}
Event: 57.353 GC heap after
{Heap after GC invocations=519 (full 3):
 PSYoungGen      total 4608K, used 736K [0x00000000d5580000, 0x00000000d5b00000, 0x0000000100000000)
  eden space 3584K, 0% used [0x00000000d5580000,0x00000000d5580000,0x00000000d5900000)
  from space 1024K, 71% used [0x00000000d5a00000,0x00000000d5ab8000,0x00000000d5b00000)
  to   space 1024K, 0% used [0x00000000d5900000,0x00000000d5900000,0x00000000d5a00000)
 ParOldGen       total 497664K, used 497527K [0x0000000080000000, 0x000000009e600000, 0x00000000d5580000)
  object space 497664K, 99% used [0x0000000080000000,0x000000009e5dde58,0x000000009e600000)
 Metaspace       used 71313K, committed 72832K, reserved 1114112K
  class space    used 7665K, committed 8320K, reserved 1048576K
}
Event: 57.360 GC heap before
{Heap before GC invocations=520 (full 3):
 PSYoungGen      total 4608K, used 4320K [0x00000000d5580000, 0x00000000d5b00000, 0x0000000100000000)
  eden space 3584K, 100% used [0x00000000d5580000,0x00000000d5900000,0x00000000d5900000)
  from space 1024K, 71% used [0x00000000d5a00000,0x00000000d5ab8000,0x00000000d5b00000)
  to   space 1024K, 0% used [0x00000000d5900000,0x00000000d5900000,0x00000000d5a00000)
 ParOldGen       total 497664K, used 497527K [0x0000000080000000, 0x000000009e600000, 0x00000000d5580000)
  object space 497664K, 99% used [0x0000000080000000,0x000000009e5dde58,0x000000009e600000)
 Metaspace       used 71313K, committed 72832K, reserved 1114112K
  class space    used 7665K, committed 8320K, reserved 1048576K
}
Event: 57.361 GC heap after
{Heap after GC invocations=520 (full 3):
 PSYoungGen      total 4608K, used 480K [0x00000000d5580000, 0x00000000d5b00000, 0x0000000100000000)
  eden space 3584K, 0% used [0x00000000d5580000,0x00000000d5580000,0x00000000d5900000)
  from space 1024K, 46% used [0x00000000d5900000,0x00000000d5978000,0x00000000d5a00000)
  to   space 1024K, 0% used [0x00000000d5a00000,0x00000000d5a00000,0x00000000d5b00000)
 ParOldGen       total 498176K, used 498087K [0x0000000080000000, 0x000000009e680000, 0x00000000d5580000)
  object space 498176K, 99% used [0x0000000080000000,0x000000009e669e58,0x000000009e680000)
 Metaspace       used 71313K, committed 72832K, reserved 1114112K
  class space    used 7665K, committed 8320K, reserved 1048576K
}
Event: 57.369 GC heap before
{Heap before GC invocations=521 (full 3):
 PSYoungGen      total 4608K, used 4064K [0x00000000d5580000, 0x00000000d5b00000, 0x0000000100000000)
  eden space 3584K, 100% used [0x00000000d5580000,0x00000000d5900000,0x00000000d5900000)
  from space 1024K, 46% used [0x00000000d5900000,0x00000000d5978000,0x00000000d5a00000)
  to   space 1024K, 0% used [0x00000000d5a00000,0x00000000d5a00000,0x00000000d5b00000)
 ParOldGen       total 498176K, used 498087K [0x0000000080000000, 0x000000009e680000, 0x00000000d5580000)
  object space 498176K, 99% used [0x0000000080000000,0x000000009e669e58,0x000000009e680000)
 Metaspace       used 71313K, committed 72832K, reserved 1114112K
  class space    used 7665K, committed 8320K, reserved 1048576K
}
Event: 57.371 GC heap after
{Heap after GC invocations=521 (full 3):
 PSYoungGen      total 4608K, used 855K [0x00000000d5580000, 0x00000000d5b00000, 0x0000000100000000)
  eden space 3584K, 0% used [0x00000000d5580000,0x00000000d5580000,0x00000000d5900000)
  from space 1024K, 83% used [0x00000000d5a00000,0x00000000d5ad5d00,0x00000000d5b00000)
  to   space 1024K, 0% used [0x00000000d5900000,0x00000000d5900000,0x00000000d5a00000)
 ParOldGen       total 498688K, used 498423K [0x0000000080000000, 0x000000009e700000, 0x00000000d5580000)
  object space 498688K, 99% used [0x0000000080000000,0x000000009e6bde58,0x000000009e700000)
 Metaspace       used 71313K, committed 72832K, reserved 1114112K
  class space    used 7665K, committed 8320K, reserved 1048576K
}
Event: 57.377 GC heap before
{Heap before GC invocations=522 (full 3):
 PSYoungGen      total 4608K, used 4439K [0x00000000d5580000, 0x00000000d5b00000, 0x0000000100000000)
  eden space 3584K, 100% used [0x00000000d5580000,0x00000000d5900000,0x00000000d5900000)
  from space 1024K, 83% used [0x00000000d5a00000,0x00000000d5ad5d00,0x00000000d5b00000)
  to   space 1024K, 0% used [0x00000000d5900000,0x00000000d5900000,0x00000000d5a00000)
 ParOldGen       total 498688K, used 498423K [0x0000000080000000, 0x000000009e700000, 0x00000000d5580000)
  object space 498688K, 99% used [0x0000000080000000,0x000000009e6bde58,0x000000009e700000)
 Metaspace       used 71313K, committed 72832K, reserved 1114112K
  class space    used 7665K, committed 8320K, reserved 1048576K
}
Event: 57.379 GC heap after
{Heap after GC invocations=522 (full 3):
 PSYoungGen      total 4608K, used 1008K [0x00000000d5580000, 0x00000000d5d00000, 0x0000000100000000)
  eden space 3584K, 0% used [0x00000000d5580000,0x00000000d5580000,0x00000000d5900000)
  from space 1024K, 98% used [0x00000000d5900000,0x00000000d59fc138,0x00000000d5a00000)
  to   space 2048K, 0% used [0x00000000d5b00000,0x00000000d5b00000,0x00000000d5d00000)
 ParOldGen       total 499200K, used 499099K [0x0000000080000000, 0x000000009e780000, 0x00000000d5580000)
  object space 499200K, 99% used [0x0000000080000000,0x000000009e766e68,0x000000009e780000)
 Metaspace       used 71313K, committed 72832K, reserved 1114112K
  class space    used 7665K, committed 8320K, reserved 1048576K
}
Event: 57.386 GC heap before
{Heap before GC invocations=523 (full 3):
 PSYoungGen      total 4608K, used 4592K [0x00000000d5580000, 0x00000000d5d00000, 0x0000000100000000)
  eden space 3584K, 100% used [0x00000000d5580000,0x00000000d5900000,0x00000000d5900000)
  from space 1024K, 98% used [0x00000000d5900000,0x00000000d59fc138,0x00000000d5a00000)
  to   space 2048K, 0% used [0x00000000d5b00000,0x00000000d5b00000,0x00000000d5d00000)
 ParOldGen       total 499200K, used 499099K [0x0000000080000000, 0x000000009e780000, 0x00000000d5580000)
  object space 499200K, 99% used [0x0000000080000000,0x000000009e766e68,0x000000009e780000)
 Metaspace       used 71313K, committed 72832K, reserved 1114112K
  class space    used 7665K, committed 8320K, reserved 1048576K
}
Event: 57.388 GC heap after
{Heap after GC invocations=523 (full 3):
 PSYoungGen      total 6144K, used 864K [0x00000000d5580000, 0x00000000d5d00000, 0x0000000100000000)
  eden space 4096K, 0% used [0x00000000d5580000,0x00000000d5580000,0x00000000d5980000)
  from space 2048K, 42% used [0x00000000d5b00000,0x00000000d5bd8000,0x00000000d5d00000)
  to   space 1536K, 0% used [0x00000000d5980000,0x00000000d5980000,0x00000000d5b00000)
 ParOldGen       total 500224K, used 499928K [0x0000000080000000, 0x000000009e880000, 0x00000000d5580000)
  object space 500224K, 99% used [0x0000000080000000,0x000000009e8361a8,0x000000009e880000)
 Metaspace       used 71313K, committed 72832K, reserved 1114112K
  class space    used 7665K, committed 8320K, reserved 1048576K
}
Event: 57.398 GC heap before
{Heap before GC invocations=524 (full 3):
 PSYoungGen      total 6144K, used 4960K [0x00000000d5580000, 0x00000000d5d00000, 0x0000000100000000)
  eden space 4096K, 100% used [0x00000000d5580000,0x00000000d5980000,0x00000000d5980000)
  from space 2048K, 42% used [0x00000000d5b00000,0x00000000d5bd8000,0x00000000d5d00000)
  to   space 1536K, 0% used [0x00000000d5980000,0x00000000d5980000,0x00000000d5b00000)
 ParOldGen       total 500224K, used 499928K [0x0000000080000000, 0x000000009e880000, 0x00000000d5580000)
  object space 500224K, 99% used [0x0000000080000000,0x000000009e8361a8,0x000000009e880000)
 Metaspace       used 71313K, committed 72832K, reserved 1114112K
  class space    used 7665K, committed 8320K, reserved 1048576K
}
Event: 57.399 GC heap after
{Heap after GC invocations=524 (full 3):
 PSYoungGen      total 5120K, used 864K [0x00000000d5580000, 0x00000000d5b80000, 0x0000000100000000)
  eden space 4096K, 0% used [0x00000000d5580000,0x00000000d5580000,0x00000000d5980000)
  from space 1024K, 84% used [0x00000000d5980000,0x00000000d5a58000,0x00000000d5a80000)
  to   space 1024K, 0% used [0x00000000d5a80000,0x00000000d5a80000,0x00000000d5b80000)
 ParOldGen       total 500736K, used 500560K [0x0000000080000000, 0x000000009e900000, 0x00000000d5580000)
  object space 500736K, 99% used [0x0000000080000000,0x000000009e8d41a8,0x000000009e900000)
 Metaspace       used 71313K, committed 72832K, reserved 1114112K
  class space    used 7665K, committed 8320K, reserved 1048576K
}
Event: 57.408 GC heap before
{Heap before GC invocations=525 (full 3):
 PSYoungGen      total 5120K, used 4960K [0x00000000d5580000, 0x00000000d5b80000, 0x0000000100000000)
  eden space 4096K, 100% used [0x00000000d5580000,0x00000000d5980000,0x00000000d5980000)
  from space 1024K, 84% used [0x00000000d5980000,0x00000000d5a58000,0x00000000d5a80000)
  to   space 1024K, 0% used [0x00000000d5a80000,0x00000000d5a80000,0x00000000d5b80000)
 ParOldGen       total 500736K, used 500560K [0x0000000080000000, 0x000000009e900000, 0x00000000d5580000)
  object space 500736K, 99% used [0x0000000080000000,0x000000009e8d41a8,0x000000009e900000)
 Metaspace       used 71313K, committed 72832K, reserved 1114112K
  class space    used 7665K, committed 8320K, reserved 1048576K
}
Event: 57.410 GC heap after
{Heap after GC invocations=525 (full 3):
 PSYoungGen      total 4096K, used 1001K [0x00000000d5580000, 0x00000000d5d80000, 0x0000000100000000)
  eden space 3072K, 0% used [0x00000000d5580000,0x00000000d5580000,0x00000000d5880000)
  from space 1024K, 97% used [0x00000000d5a80000,0x00000000d5b7a790,0x00000000d5b80000)
  to   space 2048K, 0% used [0x00000000d5880000,0x00000000d5880000,0x00000000d5a80000)
 ParOldGen       total 501760K, used 501260K [0x0000000080000000, 0x000000009ea00000, 0x00000000d5580000)
  object space 501760K, 99% used [0x0000000080000000,0x000000009e9833b0,0x000000009ea00000)
 Metaspace       used 71313K, committed 72832K, reserved 1114112K
  class space    used 7665K, committed 8320K, reserved 1048576K
}
Event: 57.418 GC heap before
{Heap before GC invocations=526 (full 3):
 PSYoungGen      total 4096K, used 4073K [0x00000000d5580000, 0x00000000d5d80000, 0x0000000100000000)
  eden space 3072K, 100% used [0x00000000d5580000,0x00000000d5880000,0x00000000d5880000)
  from space 1024K, 97% used [0x00000000d5a80000,0x00000000d5b7a790,0x00000000d5b80000)
  to   space 2048K, 0% used [0x00000000d5880000,0x00000000d5880000,0x00000000d5a80000)
 ParOldGen       total 501760K, used 501260K [0x0000000080000000, 0x000000009ea00000, 0x00000000d5580000)
  object space 501760K, 99% used [0x0000000080000000,0x000000009e9833b0,0x000000009ea00000)
 Metaspace       used 71313K, committed 72832K, reserved 1114112K
  class space    used 7665K, committed 8320K, reserved 1048576K
}
Event: 57.421 GC heap after
{Heap after GC invocations=526 (full 3):
 PSYoungGen      total 5120K, used 608K [0x00000000d5580000, 0x00000000d5b80000, 0x0000000100000000)
  eden space 3072K, 0% used [0x00000000d5580000,0x00000000d5580000,0x00000000d5880000)
  from space 2048K, 29% used [0x00000000d5880000,0x00000000d5918000,0x00000000d5a80000)
  to   space 1024K, 0% used [0x00000000d5a80000,0x00000000d5a80000,0x00000000d5b80000)
 ParOldGen       total 503296K, used 503274K [0x0000000080000000, 0x000000009eb80000, 0x00000000d5580000)
  object space 503296K, 99% used [0x0000000080000000,0x000000009eb7a9a0,0x000000009eb80000)
 Metaspace       used 71313K, committed 72832K, reserved 1114112K
  class space    used 7665K, committed 8320K, reserved 1048576K
}
Event: 57.427 GC heap before
{Heap before GC invocations=527 (full 3):
 PSYoungGen      total 5120K, used 3680K [0x00000000d5580000, 0x00000000d5b80000, 0x0000000100000000)
  eden space 3072K, 100% used [0x00000000d5580000,0x00000000d5880000,0x00000000d5880000)
  from space 2048K, 29% used [0x00000000d5880000,0x00000000d5918000,0x00000000d5a80000)
  to   space 1024K, 0% used [0x00000000d5a80000,0x00000000d5a80000,0x00000000d5b80000)
 ParOldGen       total 503296K, used 503274K [0x0000000080000000, 0x000000009eb80000, 0x00000000d5580000)
  object space 503296K, 99% used [0x0000000080000000,0x000000009eb7a9a0,0x000000009eb80000)
 Metaspace       used 71313K, committed 72832K, reserved 1114112K
  class space    used 7665K, committed 8320K, reserved 1048576K
}
Event: 57.429 GC heap after
{Heap after GC invocations=527 (full 3):
 PSYoungGen      total 5120K, used 480K [0x00000000d5580000, 0x00000000d5b80000, 0x0000000100000000)
  eden space 4096K, 0% used [0x00000000d5580000,0x00000000d5580000,0x00000000d5980000)
  from space 1024K, 46% used [0x00000000d5a80000,0x00000000d5af8000,0x00000000d5b80000)
  to   space 1024K, 0% used [0x00000000d5980000,0x00000000d5980000,0x00000000d5a80000)
 ParOldGen       total 503808K, used 503719K [0x0000000080000000, 0x000000009ec00000, 0x00000000d5580000)
  object space 503808K, 99% used [0x0000000080000000,0x000000009ebe9fb0,0x000000009ec00000)
 Metaspace       used 71313K, committed 72832K, reserved 1114112K
  class space    used 7665K, committed 8320K, reserved 1048576K
}

